<?xml version="1.0" encoding="UTF-8"?>
<!-- Generated by org.testng.reporters.JUnitReportReporter -->
<testsuite hostname="LAPTOP-QF9OG1EG" failures="0" tests="1" name="java_learning.Bank" time="13.510" errors="0" timestamp="2022-03-31T13:22:09 IST" skipped="0">
  <testcase classname="java_learning.Bank" name="bank_loan" time="13.510"/>
  <system-out/>
</testsuite> <!-- java_learning.Bank -->
