<?xml version="1.0" encoding="UTF-8"?>
<!-- Generated by org.testng.reporters.JUnitReportReporter -->
<testsuite hostname="LAPTOP-QF9OG1EG" failures="0" tests="1" name="java_learning.Webtables" time="19.337" errors="0" timestamp="2022-04-05T17:50:59 IST" skipped="0">
  <testcase classname="java_learning.Webtables" name="WebTablesWorking" time="19.337"/>
  <system-out/>
</testsuite> <!-- java_learning.Webtables -->
