<?xml version="1.0" encoding="UTF-8"?>
<!-- Generated by org.testng.reporters.JUnitReportReporter -->
<testsuite hostname="LAPTOP-QF9OG1EG" failures="0" tests="1" name="java_learning.Automation_practice" time="64.611" errors="0" timestamp="2022-03-24T17:04:33 IST" skipped="0">
  <testcase classname="java_learning.Automation_practice" name="sign_in" time="64.611"/>
  <system-out/>
</testsuite> <!-- java_learning.Automation_practice -->
