<?xml version="1.0" encoding="UTF-8"?>
<!-- Generated by org.testng.reporters.JUnitReportReporter -->
<testsuite hostname="LAPTOP-QF9OG1EG" failures="0" tests="1" name="java_learning.Zomato" time="22.381" errors="0" timestamp="2022-04-06T14:40:24 IST" skipped="0">
  <testcase classname="java_learning.Zomato" name="A2B" time="22.381"/>
  <system-out/>
</testsuite> <!-- java_learning.Zomato -->
