<?xml version="1.0" encoding="UTF-8"?>
<!-- Generated by org.testng.reporters.JUnitReportReporter -->
<testsuite hostname="LAPTOP-QF9OG1EG" failures="0" tests="1" name="java_learning.Ajio" time="9.363" errors="0" timestamp="2022-03-30T06:55:27 IST" skipped="0">
  <testcase classname="java_learning.Ajio" name="ajio_shop" time="9.363"/>
  <system-out/>
</testsuite> <!-- java_learning.Ajio -->
