<?xml version="1.0" encoding="UTF-8"?>
<!-- Generated by org.testng.reporters.JUnitReportReporter -->
<testsuite hostname="LAPTOP-QF9OG1EG" failures="0" tests="1" name="java_learning.Write_Excel" time="0.000" errors="0" timestamp="2022-04-07T17:25:23 IST" skipped="1">
  <testcase classname="java_learning.Write_Excel" name="printTestdata" time="0.000">
    <skipped/>
  </testcase> <!-- printTestdata -->
  <system-out/>
</testsuite> <!-- java_learning.Write_Excel -->
