<?xml version="1.0" encoding="UTF-8"?>
<!-- Generated by org.testng.reporters.JUnitReportReporter -->
<testsuite hostname="LAPTOP-QF9OG1EG" failures="0" tests="1" name="java_learning.Myntra" time="15.869" errors="0" timestamp="2022-03-31T15:18:25 IST" skipped="0">
  <testcase classname="java_learning.Myntra" name="myntra_purchase" time="15.869"/>
  <system-out/>
</testsuite> <!-- java_learning.Myntra -->
