<?xml version="1.0" encoding="UTF-8"?>
<!-- Generated by org.testng.reporters.JUnitReportReporter -->
<testsuite hostname="LAPTOP-QF9OG1EG" failures="0" tests="1" name="java_learning.reverse_string" time="26.205" errors="0" timestamp="2022-03-17T10:09:18 IST" skipped="0">
  <testcase classname="java_learning.reverse_string" name="reverse_string" time="26.205"/>
  <system-out/>
</testsuite> <!-- java_learning.reverse_string -->
